# JRE version: OpenJDK Runtime Environment Temurin-17.0.12+7 (17.0.12+7) (build 17.0.12+7)
# Java VM: OpenJDK 64-Bit Server VM Temurin-17.0.12+7 (17.0.12+7, mixed mode, emulated-client, tiered, compressed oops, compressed class ptrs, g1 gc, windows-amd64)
GC Precious Log:
 CPUs: 8 total, 8 available
 Memory: 5966M
 Large Page Support: Disabled
 NUMA Support: Disabled
 Compressed Oops: Enabled (32-bit)
 Heap Region Size: 1M
 Heap Min Capacity: 8M
 Heap Initial Capacity: 94M
 Heap Max Capacity: 1G
 Pre-touch: Disabled
 Parallel Workers: 8
 Concurrent Workers: 2
 Concurrent Refinement Workers: 8
 Periodic GC: Disabled
Heap:
 garbage-first heap   total 111616K, used 43468K [0x00000000c0000000, 0x0000000100000000)
  region size 1024K, 1 young (1024K), 0 survivors (0K)
 Metaspace       used 61851K, committed 62272K, reserved 1114112K
  class space    used 7548K, committed 7744K, reserved 1048576K
GC Heap History (20 events):
Event: 12143.641 GC heap after
{Heap after GC invocations=1138 (full 1120):
 garbage-first heap   total 111616K, used 43468K [0x00000000c0000000, 0x0000000100000000)
  region size 1024K, 0 young (0K), 0 survivors (0K)
 Metaspace       used 61851K, committed 62272K, reserved 1114112K
  class space    used 7548K, committed 7744K, reserved 1048576K
}
Event: 12153.926 GC heap before
{Heap before GC invocations=1138 (full 1120):
 garbage-first heap   total 111616K, used 43468K [0x00000000c0000000, 0x0000000100000000)
  region size 1024K, 1 young (1024K), 0 survivors (0K)
 Metaspace       used 61851K, committed 62272K, reserved 1114112K
  class space    used 7548K, committed 7744K, reserved 1048576K
}
Event: 12153.966 GC heap after
{Heap after GC invocations=1139 (full 1121):
 garbage-first heap   total 111616K, used 43468K [0x00000000c0000000, 0x0000000100000000)
  region size 1024K, 0 young (0K), 0 survivors (0K)
 Metaspace       used 61851K, committed 62272K, reserved 1114112K
  class space    used 7548K, committed 7744K, reserved 1048576K
}
Event: 12164.327 GC heap before
{Heap before GC invocations=1139 (full 1121):
 garbage-first heap   total 111616K, used 43468K [0x00000000c0000000, 0x0000000100000000)
  region size 1024K, 1 young (1024K), 0 survivors (0K)
 Metaspace       used 61851K, committed 62272K, reserved 1114112K
  class space    used 7548K, committed 7744K, reserved 1048576K
}
Event: 12164.400 GC heap after
{Heap after GC invocations=1140 (full 1122):
 garbage-first heap   total 111616K, used 43468K [0x00000000c0000000, 0x0000000100000000)
  region size 1024K, 0 young (0K), 0 survivors (0K)
 Metaspace       used 61851K, committed 62272K, reserved 1114112K
  class space    used 7548K, committed 7744K, reserved 1048576K
}
Event: 12174.665 GC heap before
{Heap before GC invocations=1140 (full 1122):
 garbage-first heap   total 111616K, used 43468K [0x00000000c0000000, 0x0000000100000000)
  region size 1024K, 1 young (1024K), 0 survivors (0K)
 Metaspace       used 61851K, committed 62272K, reserved 1114112K
  class space    used 7548K, committed 7744K, reserved 1048576K
}
Event: 12174.710 GC heap after
{Heap after GC invocations=1141 (full 1123):
 garbage-first heap   total 111616K, used 43468K [0x00000000c0000000, 0x0000000100000000)
  region size 1024K, 0 young (0K), 0 survivors (0K)
 Metaspace       used 61851K, committed 62272K, reserved 1114112K
  class space    used 7548K, committed 7744K, reserved 1048576K
}
Event: 12185.077 GC heap before
{Heap before GC invocations=1141 (full 1123):
 garbage-first heap   total 111616K, used 43468K [0x00000000c0000000, 0x0000000100000000)
  region size 1024K, 1 young (1024K), 0 survivors (0K)
 Metaspace       used 61851K, committed 62272K, reserved 1114112K
  class space    used 7548K, committed 7744K, reserved 1048576K
}
Event: 12185.133 GC heap after
{Heap after GC invocations=1142 (full 1124):
 garbage-first heap   total 111616K, used 43468K [0x00000000c0000000, 0x0000000100000000)
  region size 1024K, 0 young (0K), 0 survivors (0K)
 Metaspace       used 61851K, committed 62272K, reserved 1114112K
  class space    used 7548K, committed 7744K, reserved 1048576K
}
Event: 12195.448 GC heap before
{Heap before GC invocations=1142 (full 1124):
 garbage-first heap   total 111616K, used 43468K [0x00000000c0000000, 0x0000000100000000)
  region size 1024K, 1 young (1024K), 0 survivors (0K)
 Metaspace       used 61851K, committed 62272K, reserved 1114112K
  class space    used 7548K, committed 7744K, reserved 1048576K
}
Event: 12195.507 GC heap after
{Heap after GC invocations=1143 (full 1125):
 garbage-first heap   total 111616K, used 43468K [0x00000000c0000000, 0x0000000100000000)
  region size 1024K, 0 young (0K), 0 survivors (0K)
 Metaspace       used 61851K, committed 62272K, reserved 1114112K
  class space    used 7548K, committed 7744K, reserved 1048576K
}
Event: 12205.821 GC heap before
{Heap before GC invocations=1143 (full 1125):
 garbage-first heap   total 111616K, used 43468K [0x00000000c0000000, 0x0000000100000000)
  region size 1024K, 1 young (1024K), 0 survivors (0K)
 Metaspace       used 61851K, committed 62272K, reserved 1114112K
  class space    used 7548K, committed 7744K, reserved 1048576K
}
Event: 12205.875 GC heap after
{Heap after GC invocations=1144 (full 1126):
 garbage-first heap   total 111616K, used 43468K [0x00000000c0000000, 0x0000000100000000)
  region size 1024K, 0 young (0K), 0 survivors (0K)
 Metaspace       used 61851K, committed 62272K, reserved 1114112K
  class space    used 7548K, committed 7744K, reserved 1048576K
}
Event: 12216.165 GC heap before
{Heap before GC invocations=1144 (full 1126):
 garbage-first heap   total 111616K, used 43468K [0x00000000c0000000, 0x0000000100000000)
  region size 1024K, 1 young (1024K), 0 survivors (0K)
 Metaspace       used 61851K, committed 62272K, reserved 1114112K
  class space    used 7548K, committed 7744K, reserved 1048576K
}
Event: 12216.218 GC heap after
{Heap after GC invocations=1145 (full 1127):
 garbage-first heap   total 111616K, used 43468K [0x00000000c0000000, 0x0000000100000000)
  region size 1024K, 0 young (0K), 0 survivors (0K)
 Metaspace       used 61851K, committed 62272K, reserved 1114112K
  class space    used 7548K, committed 7744K, reserved 1048576K
}
Event: 12226.489 GC heap before
{Heap before GC invocations=1145 (full 1127):
 garbage-first heap   total 111616K, used 43468K [0x00000000c0000000, 0x0000000100000000)
  region size 1024K, 1 young (1024K), 0 survivors (0K)
 Metaspace       used 61851K, committed 62272K, reserved 1114112K
  class space    used 7548K, committed 7744K, reserved 1048576K
}
Event: 12226.541 GC heap after
{Heap after GC invocations=1146 (full 1128):
 garbage-first heap   total 111616K, used 43468K [0x00000000c0000000, 0x0000000100000000)
  region size 1024K, 0 young (0K), 0 survivors (0K)
 Metaspace       used 61851K, committed 62272K, reserved 1114112K
  class space    used 7548K, committed 7744K, reserved 1048576K
}
Event: 12236.851 GC heap before
{Heap before GC invocations=1146 (full 1128):
 garbage-first heap   total 111616K, used 43468K [0x00000000c0000000, 0x0000000100000000)
  region size 1024K, 1 young (1024K), 0 survivors (0K)
 Metaspace       used 61851K, committed 62272K, reserved 1114112K
  class space    used 7548K, committed 7744K, reserved 1048576K
}
Event: 12236.908 GC heap after
{Heap after GC invocations=1147 (full 1129):
 garbage-first heap   total 111616K, used 43468K [0x00000000c0000000, 0x0000000100000000)
  region size 1024K, 0 young (0K), 0 survivors (0K)
 Metaspace       used 61851K, committed 62272K, reserved 1114112K
  class space    used 7548K, committed 7744K, reserved 1048576K
}
Event: 12247.032 GC heap before
{Heap before GC invocations=1147 (full 1129):
 garbage-first heap   total 111616K, used 43468K [0x00000000c0000000, 0x0000000100000000)
  region size 1024K, 1 young (1024K), 0 survivors (0K)
 Metaspace       used 61851K, committed 62272K, reserved 1114112K
  class space    used 7548K, committed 7744K, reserved 1048576K
}

