# JRE version: OpenJDK Runtime Environment Temurin-17.0.12+7 (17.0.12+7) (build 17.0.12+7)
# Java VM: OpenJDK 64-Bit Server VM Temurin-17.0.12+7 (17.0.12+7, mixed mode, tiered, compressed oops, compressed class ptrs, parallel gc, windows-amd64)
GC Precious Log:
 CPUs: 8 total, 8 available
 Memory: 5966M
 Large Page Support: Disabled
 NUMA Support: Disabled
 Compressed Oops: Enabled (32-bit)
 Alignments: Space 512K, Generation 512K, Heap 2M
 Heap Min Capacity: 100M
 Heap Initial Capacity: 100M
 Heap Max Capacity: 1G
 Pre-touch: Disabled
 Parallel Workers: 8
Heap:
 PSYoungGen      total 3072K, used 1637K [0x00000000eab00000, 0x00000000eb100000, 0x0000000100000000)
  eden space 1536K, 64% used [0x00000000eab00000,0x00000000eabf95f8,0x00000000eac80000)
  from space 1536K, 41% used [0x00000000eae80000,0x00000000eaf20000,0x00000000eb000000)
  to   space 1024K, 0% used [0x00000000eb000000,0x00000000eb000000,0x00000000eb100000)
 ParOldGen       total 143360K, used 124634K [0x00000000c0000000, 0x00000000c8c00000, 0x00000000eab00000)
  object space 143360K, 86% used [0x00000000c0000000,0x00000000c79b6a10,0x00000000c8c00000)
 Metaspace       used 85194K, committed 86656K, reserved 1179648K
  class space    used 8912K, committed 9600K, reserved 1048576K
GC Heap History (20 events):
Event: 268.968 GC heap before
{Heap before GC invocations=1743 (full 37):
 PSYoungGen      total 3584K, used 3552K [0x00000000eab00000, 0x00000000eb580000, 0x0000000100000000)
  eden space 2048K, 99% used [0x00000000eab00000,0x00000000eacfcfb8,0x00000000ead00000)
  from space 1536K, 98% used [0x00000000ead00000,0x00000000eae7b330,0x00000000eae80000)
  to   space 4096K, 0% used [0x00000000eb180000,0x00000000eb180000,0x00000000eb580000)
 ParOldGen       total 129536K, used 122849K [0x00000000c0000000, 0x00000000c7e80000, 0x00000000eab00000)
  object space 129536K, 94% used [0x00000000c0000000,0x00000000c77f86e8,0x00000000c7e80000)
 Metaspace       used 84958K, committed 86528K, reserved 1179648K
  class space    used 8879K, committed 9600K, reserved 1048576K
}
Event: 268.976 GC heap after
{Heap after GC invocations=1743 (full 37):
 PSYoungGen      total 5120K, used 2049K [0x00000000eab00000, 0x00000000eb400000, 0x0000000100000000)
  eden space 2560K, 0% used [0x00000000eab00000,0x00000000eab00000,0x00000000ead80000)
  from space 2560K, 80% used [0x00000000eb180000,0x00000000eb380440,0x00000000eb400000)
  to   space 2560K, 0% used [0x00000000eaf00000,0x00000000eaf00000,0x00000000eb180000)
 ParOldGen       total 129536K, used 124398K [0x00000000c0000000, 0x00000000c7e80000, 0x00000000eab00000)
  object space 129536K, 96% used [0x00000000c0000000,0x00000000c797ba18,0x00000000c7e80000)
 Metaspace       used 84958K, committed 86528K, reserved 1179648K
  class space    used 8879K, committed 9600K, reserved 1048576K
}
Event: 269.040 GC heap before
{Heap before GC invocations=1744 (full 37):
 PSYoungGen      total 5120K, used 4609K [0x00000000eab00000, 0x00000000eb400000, 0x0000000100000000)
  eden space 2560K, 100% used [0x00000000eab00000,0x00000000ead80000,0x00000000ead80000)
  from space 2560K, 80% used [0x00000000eb180000,0x00000000eb380440,0x00000000eb400000)
  to   space 2560K, 0% used [0x00000000eaf00000,0x00000000eaf00000,0x00000000eb180000)
 ParOldGen       total 129536K, used 124398K [0x00000000c0000000, 0x00000000c7e80000, 0x00000000eab00000)
  object space 129536K, 96% used [0x00000000c0000000,0x00000000c797ba18,0x00000000c7e80000)
 Metaspace       used 84989K, committed 86528K, reserved 1179648K
  class space    used 8882K, committed 9600K, reserved 1048576K
}
Event: 269.045 GC heap after
{Heap after GC invocations=1744 (full 37):
 PSYoungGen      total 5120K, used 1957K [0x00000000eab00000, 0x00000000eb300000, 0x0000000100000000)
  eden space 3072K, 0% used [0x00000000eab00000,0x00000000eab00000,0x00000000eae00000)
  from space 2048K, 95% used [0x00000000eaf00000,0x00000000eb0e9430,0x00000000eb100000)
  to   space 2048K, 0% used [0x00000000eb100000,0x00000000eb100000,0x00000000eb300000)
 ParOldGen       total 129536K, used 126378K [0x00000000c0000000, 0x00000000c7e80000, 0x00000000eab00000)
  object space 129536K, 97% used [0x00000000c0000000,0x00000000c7b6a998,0x00000000c7e80000)
 Metaspace       used 84989K, committed 86528K, reserved 1179648K
  class space    used 8882K, committed 9600K, reserved 1048576K
}
Event: 269.066 GC heap before
{Heap before GC invocations=1745 (full 37):
 PSYoungGen      total 5120K, used 5029K [0x00000000eab00000, 0x00000000eb300000, 0x0000000100000000)
  eden space 3072K, 100% used [0x00000000eab00000,0x00000000eae00000,0x00000000eae00000)
  from space 2048K, 95% used [0x00000000eaf00000,0x00000000eb0e9430,0x00000000eb100000)
  to   space 2048K, 0% used [0x00000000eb100000,0x00000000eb100000,0x00000000eb300000)
 ParOldGen       total 129536K, used 126378K [0x00000000c0000000, 0x00000000c7e80000, 0x00000000eab00000)
  object space 129536K, 97% used [0x00000000c0000000,0x00000000c7b6a998,0x00000000c7e80000)
 Metaspace       used 84998K, committed 86528K, reserved 1179648K
  class space    used 8884K, committed 9600K, reserved 1048576K
}
Event: 269.081 GC heap after
{Heap after GC invocations=1745 (full 37):
 PSYoungGen      total 2560K, used 2048K [0x00000000eab00000, 0x00000000eba00000, 0x0000000100000000)
  eden space 512K, 0% used [0x00000000eab00000,0x00000000eab00000,0x00000000eab80000)
  from space 2048K, 100% used [0x00000000eb100000,0x00000000eb300000,0x00000000eb300000)
  to   space 5632K, 0% used [0x00000000eab80000,0x00000000eab80000,0x00000000eb100000)
 ParOldGen       total 129536K, used 129194K [0x00000000c0000000, 0x00000000c7e80000, 0x00000000eab00000)
  object space 129536K, 99% used [0x00000000c0000000,0x00000000c7e2a830,0x00000000c7e80000)
 Metaspace       used 84998K, committed 86528K, reserved 1179648K
  class space    used 8884K, committed 9600K, reserved 1048576K
}
Event: 269.081 GC heap before
{Heap before GC invocations=1746 (full 38):
 PSYoungGen      total 2560K, used 2048K [0x00000000eab00000, 0x00000000eba00000, 0x0000000100000000)
  eden space 512K, 0% used [0x00000000eab00000,0x00000000eab00000,0x00000000eab80000)
  from space 2048K, 100% used [0x00000000eb100000,0x00000000eb300000,0x00000000eb300000)
  to   space 5632K, 0% used [0x00000000eab80000,0x00000000eab80000,0x00000000eb100000)
 ParOldGen       total 129536K, used 129194K [0x00000000c0000000, 0x00000000c7e80000, 0x00000000eab00000)
  object space 129536K, 99% used [0x00000000c0000000,0x00000000c7e2a830,0x00000000c7e80000)
 Metaspace       used 84998K, committed 86528K, reserved 1179648K
  class space    used 8884K, committed 9600K, reserved 1048576K
}
Event: 269.251 GC heap after
{Heap after GC invocations=1746 (full 38):
 PSYoungGen      total 6144K, used 0K [0x00000000eab00000, 0x00000000eb700000, 0x0000000100000000)
  eden space 512K, 0% used [0x00000000eab00000,0x00000000eab00000,0x00000000eab80000)
  from space 5632K, 0% used [0x00000000eab80000,0x00000000eab80000,0x00000000eb100000)
  to   space 5632K, 0% used [0x00000000eb180000,0x00000000eb180000,0x00000000eb700000)
 ParOldGen       total 143360K, used 120254K [0x00000000c0000000, 0x00000000c8c00000, 0x00000000eab00000)
  object space 143360K, 83% used [0x00000000c0000000,0x00000000c756fa10,0x00000000c8c00000)
 Metaspace       used 84998K, committed 86528K, reserved 1179648K
  class space    used 8884K, committed 9600K, reserved 1048576K
}
Event: 269.262 GC heap before
{Heap before GC invocations=1747 (full 38):
 PSYoungGen      total 6144K, used 512K [0x00000000eab00000, 0x00000000eb700000, 0x0000000100000000)
  eden space 512K, 100% used [0x00000000eab00000,0x00000000eab80000,0x00000000eab80000)
  from space 5632K, 0% used [0x00000000eab80000,0x00000000eab80000,0x00000000eb100000)
  to   space 5632K, 0% used [0x00000000eb180000,0x00000000eb180000,0x00000000eb700000)
 ParOldGen       total 143360K, used 120254K [0x00000000c0000000, 0x00000000c8c00000, 0x00000000eab00000)
  object space 143360K, 83% used [0x00000000c0000000,0x00000000c756fa10,0x00000000c8c00000)
 Metaspace       used 84998K, committed 86528K, reserved 1179648K
  class space    used 8884K, committed 9600K, reserved 1048576K
}
Event: 269.264 GC heap after
{Heap after GC invocations=1747 (full 38):
 PSYoungGen      total 1536K, used 512K [0x00000000eab00000, 0x00000000eb200000, 0x0000000100000000)
  eden space 1024K, 0% used [0x00000000eab00000,0x00000000eab00000,0x00000000eac00000)
  from space 512K, 100% used [0x00000000eb180000,0x00000000eb200000,0x00000000eb200000)
  to   space 2560K, 0% used [0x00000000ead00000,0x00000000ead00000,0x00000000eaf80000)
 ParOldGen       total 143360K, used 120254K [0x00000000c0000000, 0x00000000c8c00000, 0x00000000eab00000)
  object space 143360K, 83% used [0x00000000c0000000,0x00000000c756fa10,0x00000000c8c00000)
 Metaspace       used 84998K, committed 86528K, reserved 1179648K
  class space    used 8884K, committed 9600K, reserved 1048576K
}
Event: 269.318 GC heap before
{Heap before GC invocations=1748 (full 38):
 PSYoungGen      total 1536K, used 1535K [0x00000000eab00000, 0x00000000eb200000, 0x0000000100000000)
  eden space 1024K, 99% used [0x00000000eab00000,0x00000000eabffff8,0x00000000eac00000)
  from space 512K, 100% used [0x00000000eb180000,0x00000000eb200000,0x00000000eb200000)
  to   space 2560K, 0% used [0x00000000ead00000,0x00000000ead00000,0x00000000eaf80000)
 ParOldGen       total 143360K, used 120254K [0x00000000c0000000, 0x00000000c8c00000, 0x00000000eab00000)
  object space 143360K, 83% used [0x00000000c0000000,0x00000000c756fa10,0x00000000c8c00000)
 Metaspace       used 84998K, committed 86528K, reserved 1179648K
  class space    used 8884K, committed 9600K, reserved 1048576K
}
Event: 269.321 GC heap after
{Heap after GC invocations=1748 (full 38):
 PSYoungGen      total 4096K, used 815K [0x00000000eab00000, 0x00000000eb200000, 0x0000000100000000)
  eden space 1536K, 0% used [0x00000000eab00000,0x00000000eab00000,0x00000000eac80000)
  from space 2560K, 31% used [0x00000000ead00000,0x00000000eadcbc00,0x00000000eaf80000)
  to   space 1024K, 0% used [0x00000000eb100000,0x00000000eb100000,0x00000000eb200000)
 ParOldGen       total 143360K, used 120686K [0x00000000c0000000, 0x00000000c8c00000, 0x00000000eab00000)
  object space 143360K, 84% used [0x00000000c0000000,0x00000000c75dba10,0x00000000c8c00000)
 Metaspace       used 84998K, committed 86528K, reserved 1179648K
  class space    used 8884K, committed 9600K, reserved 1048576K
}
Event: 269.414 GC heap before
{Heap before GC invocations=1749 (full 38):
 PSYoungGen      total 4096K, used 2059K [0x00000000eab00000, 0x00000000eb200000, 0x0000000100000000)
  eden space 1536K, 81% used [0x00000000eab00000,0x00000000eac37158,0x00000000eac80000)
  from space 2560K, 31% used [0x00000000ead00000,0x00000000eadcbc00,0x00000000eaf80000)
  to   space 1024K, 0% used [0x00000000eb100000,0x00000000eb100000,0x00000000eb200000)
 ParOldGen       total 143360K, used 120686K [0x00000000c0000000, 0x00000000c8c00000, 0x00000000eab00000)
  object space 143360K, 84% used [0x00000000c0000000,0x00000000c75dba10,0x00000000c8c00000)
 Metaspace       used 84999K, committed 86528K, reserved 1179648K
  class space    used 8884K, committed 9600K, reserved 1048576K
}
Event: 269.417 GC heap after
{Heap after GC invocations=1749 (full 38):
 PSYoungGen      total 2560K, used 1022K [0x00000000eab00000, 0x00000000eb200000, 0x0000000100000000)
  eden space 1536K, 0% used [0x00000000eab00000,0x00000000eab00000,0x00000000eac80000)
  from space 1024K, 99% used [0x00000000eb100000,0x00000000eb1ff800,0x00000000eb200000)
  to   space 1536K, 0% used [0x00000000eaf00000,0x00000000eaf00000,0x00000000eb080000)
 ParOldGen       total 143360K, used 121262K [0x00000000c0000000, 0x00000000c8c00000, 0x00000000eab00000)
  object space 143360K, 84% used [0x00000000c0000000,0x00000000c766ba10,0x00000000c8c00000)
 Metaspace       used 84999K, committed 86528K, reserved 1179648K
  class space    used 8884K, committed 9600K, reserved 1048576K
}
Event: 269.499 GC heap before
{Heap before GC invocations=1750 (full 38):
 PSYoungGen      total 2560K, used 2415K [0x00000000eab00000, 0x00000000eb200000, 0x0000000100000000)
  eden space 1536K, 90% used [0x00000000eab00000,0x00000000eac5c5a8,0x00000000eac80000)
  from space 1024K, 99% used [0x00000000eb100000,0x00000000eb1ff800,0x00000000eb200000)
  to   space 1536K, 0% used [0x00000000eaf00000,0x00000000eaf00000,0x00000000eb080000)
 ParOldGen       total 143360K, used 121262K [0x00000000c0000000, 0x00000000c8c00000, 0x00000000eab00000)
  object space 143360K, 84% used [0x00000000c0000000,0x00000000c766ba10,0x00000000c8c00000)
 Metaspace       used 85000K, committed 86528K, reserved 1179648K
  class space    used 8885K, committed 9600K, reserved 1048576K
}
Event: 269.503 GC heap after
{Heap after GC invocations=1750 (full 38):
 PSYoungGen      total 3072K, used 1468K [0x00000000eab00000, 0x00000000eb180000, 0x0000000100000000)
  eden space 1536K, 0% used [0x00000000eab00000,0x00000000eab00000,0x00000000eac80000)
  from space 1536K, 95% used [0x00000000eaf00000,0x00000000eb06f000,0x00000000eb080000)
  to   space 1024K, 0% used [0x00000000eb080000,0x00000000eb080000,0x00000000eb180000)
 ParOldGen       total 143360K, used 121830K [0x00000000c0000000, 0x00000000c8c00000, 0x00000000eab00000)
  object space 143360K, 84% used [0x00000000c0000000,0x00000000c76f9a10,0x00000000c8c00000)
 Metaspace       used 85000K, committed 86528K, reserved 1179648K
  class space    used 8885K, committed 9600K, reserved 1048576K
}
Event: 269.530 GC heap before
{Heap before GC invocations=1751 (full 38):
 PSYoungGen      total 3072K, used 3000K [0x00000000eab00000, 0x00000000eb180000, 0x0000000100000000)
  eden space 1536K, 99% used [0x00000000eab00000,0x00000000eac7f378,0x00000000eac80000)
  from space 1536K, 95% used [0x00000000eaf00000,0x00000000eb06f000,0x00000000eb080000)
  to   space 1024K, 0% used [0x00000000eb080000,0x00000000eb080000,0x00000000eb180000)
 ParOldGen       total 143360K, used 121830K [0x00000000c0000000, 0x00000000c8c00000, 0x00000000eab00000)
  object space 143360K, 84% used [0x00000000c0000000,0x00000000c76f9a10,0x00000000c8c00000)
 Metaspace       used 85000K, committed 86528K, reserved 1179648K
  class space    used 8885K, committed 9600K, reserved 1048576K
}
Event: 269.534 GC heap after
{Heap after GC invocations=1751 (full 38):
 PSYoungGen      total 2560K, used 796K [0x00000000eab00000, 0x00000000eb180000, 0x0000000100000000)
  eden space 1536K, 0% used [0x00000000eab00000,0x00000000eab00000,0x00000000eac80000)
  from space 1024K, 77% used [0x00000000eb080000,0x00000000eb147000,0x00000000eb180000)
  to   space 1536K, 0% used [0x00000000eae80000,0x00000000eae80000,0x00000000eb000000)
 ParOldGen       total 143360K, used 123894K [0x00000000c0000000, 0x00000000c8c00000, 0x00000000eab00000)
  object space 143360K, 86% used [0x00000000c0000000,0x00000000c78fda10,0x00000000c8c00000)
 Metaspace       used 85000K, committed 86528K, reserved 1179648K
  class space    used 8885K, committed 9600K, reserved 1048576K
}
Event: 270.061 GC heap before
{Heap before GC invocations=1752 (full 38):
 PSYoungGen      total 2560K, used 2332K [0x00000000eab00000, 0x00000000eb180000, 0x0000000100000000)
  eden space 1536K, 100% used [0x00000000eab00000,0x00000000eac80000,0x00000000eac80000)
  from space 1024K, 77% used [0x00000000eb080000,0x00000000eb147000,0x00000000eb180000)
  to   space 1536K, 0% used [0x00000000eae80000,0x00000000eae80000,0x00000000eb000000)
 ParOldGen       total 143360K, used 123894K [0x00000000c0000000, 0x00000000c8c00000, 0x00000000eab00000)
  object space 143360K, 86% used [0x00000000c0000000,0x00000000c78fda10,0x00000000c8c00000)
 Metaspace       used 85065K, committed 86592K, reserved 1179648K
  class space    used 8900K, committed 9600K, reserved 1048576K
}
Event: 270.065 GC heap after
{Heap after GC invocations=1752 (full 38):
 PSYoungGen      total 3072K, used 640K [0x00000000eab00000, 0x00000000eb100000, 0x0000000100000000)
  eden space 1536K, 0% used [0x00000000eab00000,0x00000000eab00000,0x00000000eac80000)
  from space 1536K, 41% used [0x00000000eae80000,0x00000000eaf20000,0x00000000eb000000)
  to   space 1024K, 0% used [0x00000000eb000000,0x00000000eb000000,0x00000000eb100000)
 ParOldGen       total 143360K, used 124634K [0x00000000c0000000, 0x00000000c8c00000, 0x00000000eab00000)
  object space 143360K, 86% used [0x00000000c0000000,0x00000000c79b6a10,0x00000000c8c00000)
 Metaspace       used 85065K, committed 86592K, reserved 1179648K
  class space    used 8900K, committed 9600K, reserved 1048576K
}

